<?xml version="1.0" encoding="UTF-8"?>
<!-- Generated by org.testng.reporters.JUnitReportReporter -->
<testsuite hostname="Reenus-MBP" name="Website_testcase.TC001_vefifyLoginPageWithInvalidCredentials" tests="1" failures="0" timestamp="1 Nov 2017 17:12:55 GMT" time="11.700" errors="0">
  <testcase name="vefifyLoginPageWithInvalidCredentials" time="11.700" classname="Website_testcase.TC001_vefifyLoginPageWithInvalidCredentials"/>
</testsuite> <!-- Website_testcase.TC001_vefifyLoginPageWithInvalidCredentials -->
